100
0,4,2,3,5,6,1,7
627,1199,33,40,20,82,116,116
0
0xffffff,0x505050,0x0,0xdddd,0x111111

"I:\seagate\文件\acer\mod\漫画\停止时间怀表",69,204,,0,"19/10/31 23:00:34","19/10/31 23:00:34",1,0
"I:\seagate\文件\acer\mod\漫画\心软妈妈\02Busted第二部",61,116,,0,"19/10/31 23:00:10","19/10/31 23:00:10",1,0
"I:\seagate\文件\acer\mod\漫画\心软妈妈\01Busted第一部",99,99,,0,"19/10/31 22:59:50","19/10/31 22:59:50",1,0
"I:\seagate\文件\acer\mod\漫画\内射\[TANA] およめさまHONEYDAYS 上 [中国翻U]",42,220,,0,"19/10/31 22:59:04","19/10/31 22:59:04",1,0
"I:\seagate\文件\acer\mod\漫画\内射\[Shiki Takuto] if -Jigen no Kanata-",14,218,,0,"19/10/31 22:58:55","19/10/31 22:58:55",1,0
"I:\seagate\文件\acer\mod\漫画\内射\[isao] なまプリン",131,209,,0,"19/10/31 22:57:01","19/10/31 22:57:01",1,1
"I:\seagate\文件\acer\mod\漫画\内射\[Katsurai Yoshiaki] Kokuhaku Black Rubbers [CN]",84,212,,0,"19/10/31 22:56:17","19/10/31 22:56:17",1,0
"I:\seagate\文件\acer\mod\漫画\内射\姐姐和弟弟",1,215,,0,"19/10/31 22:56:05","19/10/31 22:56:05",1,1
"I:\seagate\文件\acer\mod\漫画\沙海看浪@草榴社区\(成年コミック) [木谷椎] 乙女の恋矍槭 [日翻中]@悠月工房",20,153,,0,"19/10/31 22:55:49","19/10/31 22:55:49",1,0
"I:\seagate\文件\acer\mod\漫画\沙海看浪@草榴社区\【天月NTR汉化组】Wの妹がこんなにエロいはずが",39,207,,0,"19/10/31 22:55:24","19/10/31 22:55:24",1,0
"I:\seagate\文件\acer\mod\漫画\真水暑假补习\[ひとのふんどし (ゆきよし真水)] 夏期a6 (オリジナル) [HazelF个人汉化]",28,28,,0,"19/10/13 22:27:24","19/10/13 22:27:24",1,0
"I:\seagate\文件\acer\mod\漫画\真水暑假补习\[ひとのふんどし (ゆきよし真水)] 夏期a5 [o邪h化M] [MJK-15-T213]",34,34,,0,"19/10/13 22:26:14","19/10/13 22:26:14",1,0
"I:\seagate\文件\acer\mod\漫画\真水暑假补习\[ひとのふんどし (ゆきよし真水)] 归省 (真l SUMMER Ver. VOL. 2) [月之废墟汉化]",20,20,,0,"19/10/13 22:26:12","19/10/13 22:26:12",1,0
"I:\seagate\文件\acer\mod\漫画\真水暑假补习\[ひとのふんどし (ゆきよし真水)] Admired beautiful flower 3 (プリンセスラバ`！)",21,21,,0,"19/10/13 22:26:09","19/10/13 22:26:09",1,0
"I:\seagate\文件\acer\mod\漫画\真水暑假补习\(COMIC1☆8) [ひとのふんどし (ゆきよし真水)] 夏期a4 [Lh化]",17,17,,0,"19/10/13 22:26:08","19/10/13 22:26:08",1,0
"I:\seagate\文件\acer\mod\漫画\真水暑假补习\(C86) [ひとのふんどし (ゆきよし真水)] W●Gのひどい日。 (Wake Up,Girls!) [空菹怠h化]",27,27,,0,"19/10/13 22:26:07","19/10/13 22:26:07",1,0
"I:\seagate\文件\acer\mod\漫画\真水暑假补习\(C85) [ひとのふんどし (ゆきよし真水)] 夏期a3 (オリジナル) [Ｗ⒓h化M]",23,23,,0,"19/10/13 22:26:04","19/10/13 22:26:04",1,0
"I:\seagate\文件\acer\mod\漫画\真水暑假补习\(C84) [ひとのふんどし (ゆきよし真水)] 夏期a2 [Ｗ⒓h化M]",27,27,,0,"19/10/13 22:26:01","19/10/13 22:26:01",1,0
"I:\seagate\文件\acer\mod\漫画\真水暑假补习\(C83) [ひとのふんどし (ゆきよし真水)] さくらPのエッチな折本。 (さくらPのペットな彼女)【脸肿汉化组】",10,10,,0,"19/10/13 22:26:00","19/10/13 22:26:00",1,0
"I:\seagate\文件\acer\mod\漫画\真水暑假补习\(C82) [ひとのふんどし (ゆきよし真水)] 夏期a (オリジナル)",23,23,,0,"19/10/13 22:25:41","19/10/13 22:25:41",1,0
"I:\seagate\文件\acer\mod\漫画\真水暑假补习\(C80) [ひとのふんどし (ゆきよし真水)] 夏、旅^、借金取り。 (花Dくいろは)【个人汉化】",20,20,,0,"19/10/13 22:25:36","19/10/13 22:25:36",1,0
"I:\seagate\文件\acer\mod\漫画\真水暑假补习\(C78) [ひとのふんどし (ゆきよし真水)] オカルトラヴァ`ガ`ルノジュナン (世o末オカルト学院)",17,17,,0,"19/10/13 22:25:34","19/10/13 22:25:34",1,0
"I:\seagate\文件\acer\mod\漫画\真水暑假补习\(C77) [ひとのふんどし (ゆきよし真水)] Admired beautiful flower 2 Extra (プリンセスラバ`！) (天月汉化组)",18,18,,0,"19/10/13 22:25:34","19/10/13 22:25:34",1,0
"I:\seagate\文件\acer\mod\漫画\真水暑假补习\(C77) [ひとのふんどし (ゆきよし真水)] Admired beautiful flower 2 ~Sleeping Princess~ (プリンセスラバ`!)",26,26,,0,"19/10/13 22:25:32","19/10/13 22:25:32",1,0
"I:\seagate\文件\acer\mod\漫画\真水暑假补习\(C76) [ひとのふんどし (ゆきよし真水)] Admired beautiful flower (プリンセスラバ`！) (天月汉化组)",26,26,,0,"19/10/13 22:25:29","19/10/13 22:25:29",1,0
"I:\seagate\文件\acer\mod\漫画\淫欲百店byF穴沸v。@草榴社^\淫欲百店",46,184,,0,"19/10/13 22:25:02","19/10/13 22:25:02",1,0
"I:\seagate\文件\acer\mod\漫画\野外鼓励游戏\W&I-018][伊x一平] 野外プレイのススメ(外流版)",190,190,,0,"19/10/13 22:20:49","19/10/13 22:20:49",1,0
"I:\seagate\文件\acer\mod\漫画\F々作品集\[F々]隔壁的隔壁的大姊姊1-2.rar",15,366,,84205420,"19/10/13 22:20:32","19/10/13 22:20:32",1,0
"I:\seagate\文件\acer\mod\漫画\星野o一\复仇男猪把三个偶像一个人妻调教成变态痴女还弄上直播",19,219,,0,"19/10/13 22:20:13","19/10/13 22:20:13",1,0
"I:\seagate\文件\acer\mod\漫画\星野o一\M女特选精选集",210,210,,0,"19/10/13 22:14:37","19/10/13 22:14:37",1,0
"I:\seagate\文件\acer\mod\漫画\星野o一\[星野o一] 牝犬女のzけ方 Bo教Iまどか先生の{教日I2.rar",212,212,,341947082,"19/10/13 22:13:09","19/10/13 22:13:09",1,0
"I:\seagate\文件\acer\mod\漫画\星野o一\淫穴汉堡店",23,201,,0,"19/10/13 22:12:44","19/10/13 22:12:44",1,1
"I:\seagate\文件\acer\mod\漫画\星野o一\[星野o一] 肉女医 x父に堕ちた淑美妻",124,193,,0,"19/10/13 22:11:38","19/10/13 22:11:38",1,0
"I:\seagate\文件\acer\mod\漫画\月野定规\[月野定] 残念王子と毒舌メイド[ROC_1112人弑]",146,233,,0,"19/10/13 22:09:35","19/10/13 22:09:35",1,0
"I:\seagate\文件\acer\mod\漫画\月野定规\[月野定] ボクの弥生さん 第01-08[月之废墟汉化]",230,230,,0,"19/10/13 22:01:49","19/10/13 00:41:21",1,0
"F:\Download\415ghh\《当年懵懂的女孩到现在的婚后，人妻全过程记录》视频集合+大量生活照",284,458,,0,"19/10/13 21:59:30","19/10/13 21:59:30",1,1
"I:\seagate\文件\acer\mod\漫画\勇\触",188,188,,0,"19/10/13 00:34:30","19/10/13 00:34:30",1,0
"I:\seagate\文件\acer\mod\漫画\勇\[中漫][たねいち] u",193,193,,0,"19/10/13 00:20:48","19/10/13 00:20:48",1,0
"I:\seagate\文件\acer\mod\漫画\勇\[勇]性触者（Chinese）",24,24,,0,"19/10/13 00:20:45","19/10/13 00:20:45",1,0
"I:\seagate\文件\acer\mod\漫画\勇\[勇] ",172,172,,0,"19/10/13 00:17:34","19/10/13 00:17:34",1,0
"J:\漫画\直至死亡⑽分_\[直至死亡把我分_][高渲xDOUBLE-S][玉皇朝][32K_480dpi][Nearfly]Vol.15.zip",109,109,,202026587,"19/09/22 22:46:09","19/09/22 22:46:09",1,0
"J:\漫画\直至死亡⑽分_\[直至死亡把我分_][高渲xDOUBLE-S][玉皇朝][32K_480dpi][Nearfly]Vol.14.zip",109,109,,196783018,"19/09/22 22:34:15","19/09/22 22:34:15",1,0
"J:\漫画\直至死亡⑽分_\[DOUBLE-S][死がふたりを分かつまで(KO感)][13].rar",202,204,,114341835,"19/09/22 22:33:42","19/09/22 22:33:42",1,0
"J:\漫画\直至死亡⑽分_\[DOUBLE-S][死がふたりを分かつまで(KO感)][12].rar",208,208,,103019051,"19/09/22 22:27:13","19/09/22 22:27:13",1,0
"J:\漫画\直至死亡⑽分_\[DOUBLE-S][死がふたりを分かつまで(KO感)][11].rar",198,198,,107586958,"19/09/22 22:20:35","19/09/22 22:20:35",1,0
"J:\漫画\直至死亡⑽分_\[DOUBLE-S][死がふたりを分かつまで(KO感)][10].rar",232,232,,127779153,"19/09/22 22:14:17","19/09/22 22:14:17",1,0
"J:\漫画\直至死亡⑽分_\[Comic][直至死亡⑽分_][高渲妗DOUBLE-S][玉皇朝][ADAD]Vol_04.zip",90,107,,84056746,"19/09/22 22:13:52","19/09/22 22:13:50",1,0
"J:\漫画\直至死亡⑽分_\[Comic][直至死亡⑽分_][高渲妗DOUBLE-S][玉皇朝][ADAD]Vol_03.zip",114,114,,90281971,"19/09/22 22:13:51","19/09/22 22:13:51",1,0
"J:\漫画\城市猎人\[Comic][城市C人][北条司][玉皇朝][C.C]Vol_01.zip",8,93,,135542221,"19/09/22 22:13:26","19/09/22 22:13:26",1,0
"J:\漫画\城市猎人\[Comic][CityHunter][Vol_35].zip",121,121,,66587450,"19/09/22 22:06:58","19/09/22 22:06:58",1,0
"J:\漫画\城市猎人\[Comic][CityHunter][Vol_34].zip",111,111,,59067309,"19/09/22 21:59:14","19/09/22 21:59:14",1,0
"J:\漫画\城市猎人\[Comic][CityHunter][Vol_33].zip",104,104,,56642544,"19/09/22 21:51:37","19/09/22 21:49:31",1,0
"J:\漫画\城市猎人\[Comic][CityHunter][Vol_32].zip",108,108,,57781226,"19/09/22 21:50:10","19/09/22 21:43:55",1,0
"J:\漫画\城市猎人\[Comic][CityHunter][Vol_31].zip",110,110,,57356342,"19/09/22 21:35:32","19/09/22 21:35:31",1,0
"J:\漫画\城市猎人\[Comic][CityHunter][Vol_30].zip",100,100,,54948616,"19/09/22 21:34:27","19/09/22 21:34:26",1,0
"J:\漫画\城市猎人\[Comic][CityHunter][Vol_29].zip",100,100,,52879299,"19/09/22 21:22:51","19/09/22 21:22:51",1,0
"J:\漫画\城市猎人\[Comic][CityHunter][Vol_28].zip",98,98,,54183264,"19/09/22 21:21:41","19/09/22 21:21:41",1,0
"J:\漫画\城市猎人\[Comic][CityHunter][Vol_27].zip",104,104,,53449064,"19/09/22 21:21:17","19/09/22 21:21:16",1,0
"J:\漫画\城市猎人\[Comic][CityHunter][Vol_26].zip",99,99,,52215786,"19/09/22 21:19:14","19/09/22 21:18:59",1,0
"J:\漫画\城市猎人\[Comic][CityHunter][Vol_25].zip",100,100,,54530983,"19/09/22 21:18:59","19/09/22 21:10:56",1,0
"J:\漫画\城市猎人\[Comic][CityHunter][Vol_24].zip",103,103,,52448911,"19/09/22 21:10:59","19/09/22 21:10:45",1,0
"J:\漫画\城市猎人\[Comic][CityHunter][Vol_23].zip",100,100,,55536710,"19/09/22 21:05:24","19/09/22 21:05:24",1,0
"J:\漫画\城市猎人\[Comic][CityHunter][Vol_22].zip",99,99,,50640622,"19/09/22 21:05:11","19/09/22 21:05:11",1,0
"J:\漫画\城市猎人\[Comic][CityHunter][Vol_21].zip",98,98,,48845533,"19/09/22 21:03:50","19/09/22 21:03:50",1,0
"J:\漫画\城市猎人\[Comic][CityHunter][Vol_20].zip",92,92,,48043596,"19/09/22 21:02:03","19/09/22 21:02:02",1,0
"C:\Users\LC\Desktop",18,19,,0,"19/09/21 15:12:15","19/09/21 15:12:15",1,2
"I:\seagate\文件\acer\mod\漫画\[星野o一] おしかけ病院寝取られ科 [4KDM]",83,195,,0,"19/09/18 23:49:59","19/07/08 23:13:32",1,0
"I:\seagate\文件\acer\mod\漫画\[新堂エル] 邾ぅ欹ュラ`ズ  [中国翻U]",225,225,,0,"19/09/18 23:43:36","19/09/18 23:43:36",1,0
"I:\seagate\文件\acer\mod\漫画\[笑花] まるmり",170,170,,0,"19/09/18 23:28:33","19/09/18 23:28:33",1,0
"J:\漫画\城市猎人",2846,3465,,0,"19/09/14 23:28:45","19/09/14 23:28:45",1,5
"I:\seagate\文件\acer\mod\漫画\[野晒惺] 瞬枞似奕馀_ [_坑做例行重嵌M-D分部]",149,215,,0,"19/09/14 18:54:46","19/09/14 18:54:38",1,0
"I:\seagate\文件\acer\mod\漫画\[性造社] ランニング巨乳人妻 濡れ透けLOVE×2 セックス [中国翻U]",141,141,,0,"19/09/14 18:54:15","19/07/08 23:14:12",1,0
"I:\seagate\文件\acer\mod\漫画\[小梅けいと]_花粉少女注意",93,207,,0,"19/09/14 18:53:58","19/09/14 18:53:58",1,1
"I:\seagate\文件\acer\mod\漫画\[小u][醒淫メイド][ACGfanh化][中漫]",25,210,,0,"19/09/14 18:53:47","19/09/14 18:53:47",1,0
"I:\seagate\文件\acer\mod\漫画\[秋月ひろずみ]",60,840,,0,"19/09/14 18:53:26","19/06/23 17:29:12",1,1
"I:\seagate\文件\acer\mod\漫画\[琴吹かづき] N乳の凌辱的な日常",21,85,,0,"19/09/14 18:53:14","19/09/14 18:53:14",1,0
"I:\seagate\文件\acer\mod\漫画\[罗洁爱儿个人汉化] [ほっとみかん (きしめん)] ど田hの夏休みは母ちゃんと汗だくセックスをする",74,99,,0,"19/09/14 18:52:51","19/07/08 23:03:09",1,0
"I:\seagate\文件\acer\mod\漫画\[胯下有杀气哦@草榴社区]@蜜糖淫荡穴[Z]",17,205,,0,"19/09/14 18:52:44","19/09/14 18:52:44",1,5
"I:\seagate\文件\acer\mod\漫画\[ 一ヶ] o慈悲！ ~Nつけx肉祭 [4KDM]",112,197,,0,"19/09/14 18:52:06","19/09/14 18:52:06",1,0
"I:\seagate\文件\acer\mod\漫画\[迦楼_淳] おショまみれ",196,203,,0,"19/09/14 18:51:46","19/06/23 17:27:05",1,0
"I:\seagate\文件\acer\mod\漫画\[煌野一人] アップライジング [特飧唣と峄奶油大h化M]",35,58,,0,"19/09/14 18:51:11","19/06/23 17:23:53",1,0
"I:\seagate\文件\acer\mod\漫画\[Aフック] {教-ミソギの仕事 その1 とある母子の制近H相Α灸Ω鋈撕夯-SIS】",1,82,,0,"19/09/14 18:51:07","19/06/23 17:23:12",1,0
"I:\seagate\文件\acer\mod\漫画\[\乃マサカド] Ozコレクション [中国翻U]",14,204,,0,"19/09/14 18:50:59","19/07/08 22:53:10",1,0
"I:\seagate\文件\acer\mod\漫画\[\乃マサカド] I女限界 女限界",51,192,,0,"19/09/14 18:50:47","19/09/14 18:50:47",1,0
"I:\seagate\文件\acer\mod\漫画\[光クラブ] 2052年、性教育。～少子化と性政策～ [折B人h化]",8,37,,0,"19/09/14 18:50:41","19/09/14 18:50:41",1,0
"I:\seagate\文件\acer\mod\漫画\[RQ四季] 女子校生受精カタログ 女子校生受精一[目  [Lc萌妹u作]",98,212,,0,"19/09/14 18:49:47","19/09/14 18:49:47",1,0
"I:\seagate\文件\acer\mod\漫画\[伴カズヤス] 戆~大家一起流著侵犯她吧",191,193,,0,"19/09/14 18:49:34","19/07/08 22:52:52",1,0
"I:\seagate\文件\acer\mod\漫画\[板冥] 放n後の彼女は舐られて啼く",112,244,,0,"19/09/14 18:49:13","19/07/08 22:52:41",1,0
"I:\seagate\文件\acer\mod\漫画\[白石 なぎさ] 孕D性玩具 [麻油uD]",41,180,,0,"19/09/14 18:49:05","19/07/08 22:52:25",1,0
"I:\seagate\文件\acer\mod\漫画\[れいじ` ] ママと一wにいちゃいちゃしたい! [罗洁爱儿个人汉化]",141,141,,0,"19/09/14 18:48:52","19/07/08 22:48:58",1,0
"I:\seagate\文件\acer\mod\漫画\[ヨッコラ] メガボディナイト 私のお肉を召し上がれ [4KDM]",53,189,,0,"19/09/14 18:48:34","19/07/08 22:48:42",1,0
"I:\seagate\文件\acer\mod\漫画\[メスゴリラ。 (まぐろ帝)] DERENUKI2 (攻C雨) [脸肿汉化组]",32,32,,0,"19/09/14 18:48:21","19/09/14 18:48:21",1,0
"I:\seagate\文件\acer\mod\漫画\[ボボボ] PLDK [4KDM]",81,232,,0,"19/09/14 18:47:57","19/07/08 22:47:11",1,0
"I:\seagate\文件\acer\mod\漫画\[ほっとみかん] 密室エレベ`タ`爆乳J○受精中出しレ○プ堕ち",159,159,,0,"19/09/14 18:47:23","19/07/03 23:17:06",1,1
"I:\seagate\文件\acer\mod\漫画\[ほ`すている]母さんじゃなきゃダメなんだっ！！01-03",97,97,,0,"19/09/14 18:45:25","19/07/03 23:15:18",1,1
"I:\seagate\文件\acer\mod\漫画\[ペテン] 可叟孩的美穴之中 [Lc黑暗D]",48,200,,0,"19/09/14 18:45:13","19/09/14 18:45:13",1,0
"I:\seagate\文件\acer\mod\漫画\[フリテンのo] 神になったゲス男がムチムチ女子と催眠ガチギメS○Xするだけの",109,146,,0,"19/09/14 18:44:54","19/07/03 23:14:54",1,1
"I:\seagate\文件\acer\mod\漫画\[ディ`プバレ`] 孕ませ!!性春 [不取DM]",33,193,,0,"19/09/14 18:44:43","19/09/14 18:44:43",1,0
"I:\seagate\文件\acer\mod\漫画\[さすらいのマン棒]",18,1813,,0,"19/09/14 18:44:35","19/07/03 23:13:42",1,1
"I:\seagate\文件\acer\mod\漫画\[サガッとる] 辱めの乱 N付けz子mイキhし",206,206,,0,"19/09/14 18:39:54","19/07/03 23:13:25",1,0
